<?xml version="1.0" encoding="UTF-8"?>
<!-- Generated by org.testng.reporters.JUnitReportReporter -->
<testsuite hostname="DESKTOP-V55EBNI" failures="0" tests="1" name="tests.TC001_AutomationRun" time="105.696" errors="0" timestamp="2022-04-17T14:35:18 BDT" skipped="0">
  <testcase classname="tests.TC001_AutomationRun" name="testCase001" time="105.696"/>
  <system-out/>
</testsuite> <!-- tests.TC001_AutomationRun -->
